<?xml version="1.0" encoding="UTF-8"?>
<testsuite xmlns:xsi="http://www.w3.org/2001/XMLSchema-instance" xsi:noNamespaceSchemaLocation="https://maven.apache.org/surefire/maven-surefire-plugin/xsd/surefire-test-report.xsd" name="com.aline.usermicroservice.UserIntegrationTest" time="6.162" tests="36" errors="0" skipped="0" failures="2">
  <properties>
    <property name="java.specification.version" value="17"/>
    <property name="sun.cpu.isalist" value="amd64"/>
    <property name="sun.jnu.encoding" value="Cp1252"/>
    <property name="java.class.path" value="D:\aline\user-microservice\user-microservice\target\test-classes;D:\aline\user-microservice\user-microservice\target\classes;C:\Users\Kevin\.m2\repository\org\springframework\boot\spring-boot-starter-actuator\2.4.8\spring-boot-starter-actuator-2.4.8.jar;C:\Users\Kevin\.m2\repository\org\springframework\boot\spring-boot-starter\2.4.8\spring-boot-starter-2.4.8.jar;C:\Users\Kevin\.m2\repository\org\springframework\boot\spring-boot-starter-logging\2.4.8\spring-boot-starter-logging-2.4.8.jar;C:\Users\Kevin\.m2\repository\ch\qos\logback\logback-classic\1.2.3\logback-classic-1.2.3.jar;C:\Users\Kevin\.m2\repository\ch\qos\logback\logback-core\1.2.3\logback-core-1.2.3.jar;C:\Users\Kevin\.m2\repository\org\apache\logging\log4j\log4j-to-slf4j\2.13.3\log4j-to-slf4j-2.13.3.jar;C:\Users\Kevin\.m2\repository\org\apache\logging\log4j\log4j-api\2.13.3\log4j-api-2.13.3.jar;C:\Users\Kevin\.m2\repository\org\slf4j\jul-to-slf4j\1.7.31\jul-to-slf4j-1.7.31.jar;C:\Users\Kevin\.m2\repository\jakarta\annotation\jakarta.annotation-api\1.3.5\jakarta.annotation-api-1.3.5.jar;C:\Users\Kevin\.m2\repository\org\yaml\snakeyaml\1.27\snakeyaml-1.27.jar;C:\Users\Kevin\.m2\repository\org\springframework\boot\spring-boot-actuator-autoconfigure\2.4.8\spring-boot-actuator-autoconfigure-2.4.8.jar;C:\Users\Kevin\.m2\repository\org\springframework\boot\spring-boot-actuator\2.4.8\spring-boot-actuator-2.4.8.jar;C:\Users\Kevin\.m2\repository\com\fasterxml\jackson\datatype\jackson-datatype-jsr310\2.11.4\jackson-datatype-jsr310-2.11.4.jar;C:\Users\Kevin\.m2\repository\io\micrometer\micrometer-core\1.6.8\micrometer-core-1.6.8.jar;C:\Users\Kevin\.m2\repository\org\hdrhistogram\HdrHistogram\2.1.12\HdrHistogram-2.1.12.jar;C:\Users\Kevin\.m2\repository\org\latencyutils\LatencyUtils\2.0.3\LatencyUtils-2.0.3.jar;C:\Users\Kevin\.m2\repository\org\springframework\boot\spring-boot-starter-data-jpa\2.4.8\spring-boot-starter-data-jpa-2.4.8.jar;C:\Users\Kevin\.m2\repository\org\springframework\boot\spring-boot-starter-aop\2.4.8\spring-boot-starter-aop-2.4.8.jar;C:\Users\Kevin\.m2\repository\org\springframework\spring-aop\5.3.8\spring-aop-5.3.8.jar;C:\Users\Kevin\.m2\repository\org\aspectj\aspectjweaver\1.9.6\aspectjweaver-1.9.6.jar;C:\Users\Kevin\.m2\repository\org\springframework\boot\spring-boot-starter-jdbc\2.4.8\spring-boot-starter-jdbc-2.4.8.jar;C:\Users\Kevin\.m2\repository\com\zaxxer\HikariCP\3.4.5\HikariCP-3.4.5.jar;C:\Users\Kevin\.m2\repository\org\springframework\spring-jdbc\5.3.8\spring-jdbc-5.3.8.jar;C:\Users\Kevin\.m2\repository\jakarta\transaction\jakarta.transaction-api\1.3.3\jakarta.transaction-api-1.3.3.jar;C:\Users\Kevin\.m2\repository\jakarta\persistence\jakarta.persistence-api\2.2.3\jakarta.persistence-api-2.2.3.jar;C:\Users\Kevin\.m2\repository\org\hibernate\hibernate-core\5.4.32.Final\hibernate-core-5.4.32.Final.jar;C:\Users\Kevin\.m2\repository\org\jboss\logging\jboss-logging\3.4.2.Final\jboss-logging-3.4.2.Final.jar;C:\Users\Kevin\.m2\repository\org\javassist\javassist\3.27.0-GA\javassist-3.27.0-GA.jar;C:\Users\Kevin\.m2\repository\net\bytebuddy\byte-buddy\1.10.22\byte-buddy-1.10.22.jar;C:\Users\Kevin\.m2\repository\antlr\antlr\2.7.7\antlr-2.7.7.jar;C:\Users\Kevin\.m2\repository\org\jboss\jandex\2.2.3.Final\jandex-2.2.3.Final.jar;C:\Users\Kevin\.m2\repository\com\fasterxml\classmate\1.5.1\classmate-1.5.1.jar;C:\Users\Kevin\.m2\repository\org\dom4j\dom4j\2.1.3\dom4j-2.1.3.jar;C:\Users\Kevin\.m2\repository\org\hibernate\common\hibernate-commons-annotations\5.1.2.Final\hibernate-commons-annotations-5.1.2.Final.jar;C:\Users\Kevin\.m2\repository\org\glassfish\jaxb\jaxb-runtime\2.3.4\jaxb-runtime-2.3.4.jar;C:\Users\Kevin\.m2\repository\org\glassfish\jaxb\txw2\2.3.4\txw2-2.3.4.jar;C:\Users\Kevin\.m2\repository\com\sun\istack\istack-commons-runtime\3.0.12\istack-commons-runtime-3.0.12.jar;C:\Users\Kevin\.m2\repository\com\sun\activation\jakarta.activation\1.2.2\jakarta.activation-1.2.2.jar;C:\Users\Kevin\.m2\repository\org\springframework\data\spring-data-jpa\2.4.10\spring-data-jpa-2.4.10.jar;C:\Users\Kevin\.m2\repository\org\springframework\data\spring-data-commons\2.4.10\spring-data-commons-2.4.10.jar;C:\Users\Kevin\.m2\repository\org\springframework\spring-orm\5.3.8\spring-orm-5.3.8.jar;C:\Users\Kevin\.m2\repository\org\springframework\spring-context\5.3.8\spring-context-5.3.8.jar;C:\Users\Kevin\.m2\repository\org\springframework\spring-tx\5.3.8\spring-tx-5.3.8.jar;C:\Users\Kevin\.m2\repository\org\springframework\spring-beans\5.3.8\spring-beans-5.3.8.jar;C:\Users\Kevin\.m2\repository\org\slf4j\slf4j-api\1.7.31\slf4j-api-1.7.31.jar;C:\Users\Kevin\.m2\repository\org\springframework\spring-aspects\5.3.8\spring-aspects-5.3.8.jar;C:\Users\Kevin\.m2\repository\org\springframework\boot\spring-boot-starter-web\2.4.8\spring-boot-starter-web-2.4.8.jar;C:\Users\Kevin\.m2\repository\org\springframework\boot\spring-boot-starter-json\2.4.8\spring-boot-starter-json-2.4.8.jar;C:\Users\Kevin\.m2\repository\com\fasterxml\jackson\datatype\jackson-datatype-jdk8\2.11.4\jackson-datatype-jdk8-2.11.4.jar;C:\Users\Kevin\.m2\repository\com\fasterxml\jackson\module\jackson-module-parameter-names\2.11.4\jackson-module-parameter-names-2.11.4.jar;C:\Users\Kevin\.m2\repository\org\springframework\boot\spring-boot-starter-tomcat\2.4.8\spring-boot-starter-tomcat-2.4.8.jar;C:\Users\Kevin\.m2\repository\org\apache\tomcat\embed\tomcat-embed-core\9.0.48\tomcat-embed-core-9.0.48.jar;C:\Users\Kevin\.m2\repository\org\glassfish\jakarta.el\3.0.3\jakarta.el-3.0.3.jar;C:\Users\Kevin\.m2\repository\org\apache\tomcat\embed\tomcat-embed-websocket\9.0.48\tomcat-embed-websocket-9.0.48.jar;C:\Users\Kevin\.m2\repository\org\springframework\spring-web\5.3.8\spring-web-5.3.8.jar;C:\Users\Kevin\.m2\repository\org\springframework\spring-webmvc\5.3.8\spring-webmvc-5.3.8.jar;C:\Users\Kevin\.m2\repository\org\springframework\spring-expression\5.3.8\spring-expression-5.3.8.jar;C:\Users\Kevin\.m2\repository\org\springframework\cloud\spring-cloud-starter-config\3.0.0\spring-cloud-starter-config-3.0.0.jar;C:\Users\Kevin\.m2\repository\org\springframework\cloud\spring-cloud-starter\3.0.0\spring-cloud-starter-3.0.0.jar;C:\Users\Kevin\.m2\repository\org\springframework\cloud\spring-cloud-context\3.0.0\spring-cloud-context-3.0.0.jar;C:\Users\Kevin\.m2\repository\org\springframework\security\spring-security-crypto\5.4.7\spring-security-crypto-5.4.7.jar;C:\Users\Kevin\.m2\repository\org\springframework\cloud\spring-cloud-commons\3.0.0\spring-cloud-commons-3.0.0.jar;C:\Users\Kevin\.m2\repository\org\springframework\security\spring-security-rsa\1.0.9.RELEASE\spring-security-rsa-1.0.9.RELEASE.jar;C:\Users\Kevin\.m2\repository\org\bouncycastle\bcpkix-jdk15on\1.64\bcpkix-jdk15on-1.64.jar;C:\Users\Kevin\.m2\repository\org\bouncycastle\bcprov-jdk15on\1.64\bcprov-jdk15on-1.64.jar;C:\Users\Kevin\.m2\repository\org\springframework\cloud\spring-cloud-config-client\3.0.0\spring-cloud-config-client-3.0.0.jar;C:\Users\Kevin\.m2\repository\com\fasterxml\jackson\core\jackson-annotations\2.11.4\jackson-annotations-2.11.4.jar;C:\Users\Kevin\.m2\repository\org\apache\httpcomponents\httpclient\4.5.13\httpclient-4.5.13.jar;C:\Users\Kevin\.m2\repository\org\apache\httpcomponents\httpcore\4.4.14\httpcore-4.4.14.jar;C:\Users\Kevin\.m2\repository\commons-codec\commons-codec\1.15\commons-codec-1.15.jar;C:\Users\Kevin\.m2\repository\com\fasterxml\jackson\core\jackson-databind\2.11.4\jackson-databind-2.11.4.jar;C:\Users\Kevin\.m2\repository\com\fasterxml\jackson\core\jackson-core\2.11.4\jackson-core-2.11.4.jar;C:\Users\Kevin\.m2\repository\org\springframework\boot\spring-boot-devtools\2.4.8\spring-boot-devtools-2.4.8.jar;C:\Users\Kevin\.m2\repository\org\springframework\boot\spring-boot\2.4.8\spring-boot-2.4.8.jar;C:\Users\Kevin\.m2\repository\org\springframework\boot\spring-boot-autoconfigure\2.4.8\spring-boot-autoconfigure-2.4.8.jar;C:\Users\Kevin\.m2\repository\com\h2database\h2\1.4.200\h2-1.4.200.jar;C:\Users\Kevin\.m2\repository\mysql\mysql-connector-java\8.0.25\mysql-connector-java-8.0.25.jar;C:\Users\Kevin\.m2\repository\org\projectlombok\lombok\1.18.20\lombok-1.18.20.jar;C:\Users\Kevin\.m2\repository\org\springframework\boot\spring-boot-starter-test\2.4.8\spring-boot-starter-test-2.4.8.jar;C:\Users\Kevin\.m2\repository\org\springframework\boot\spring-boot-test\2.4.8\spring-boot-test-2.4.8.jar;C:\Users\Kevin\.m2\repository\org\springframework\boot\spring-boot-test-autoconfigure\2.4.8\spring-boot-test-autoconfigure-2.4.8.jar;C:\Users\Kevin\.m2\repository\com\jayway\jsonpath\json-path\2.4.0\json-path-2.4.0.jar;C:\Users\Kevin\.m2\repository\net\minidev\json-smart\2.3.1\json-smart-2.3.1.jar;C:\Users\Kevin\.m2\repository\net\minidev\accessors-smart\2.3.1\accessors-smart-2.3.1.jar;C:\Users\Kevin\.m2\repository\org\ow2\asm\asm\5.0.4\asm-5.0.4.jar;C:\Users\Kevin\.m2\repository\jakarta\xml\bind\jakarta.xml.bind-api\2.3.3\jakarta.xml.bind-api-2.3.3.jar;C:\Users\Kevin\.m2\repository\jakarta\activation\jakarta.activation-api\1.2.2\jakarta.activation-api-1.2.2.jar;C:\Users\Kevin\.m2\repository\org\assertj\assertj-core\3.18.1\assertj-core-3.18.1.jar;C:\Users\Kevin\.m2\repository\org\hamcrest\hamcrest\2.2\hamcrest-2.2.jar;C:\Users\Kevin\.m2\repository\org\junit\jupiter\junit-jupiter\5.7.2\junit-jupiter-5.7.2.jar;C:\Users\Kevin\.m2\repository\org\junit\jupiter\junit-jupiter-api\5.7.2\junit-jupiter-api-5.7.2.jar;C:\Users\Kevin\.m2\repository\org\apiguardian\apiguardian-api\1.1.0\apiguardian-api-1.1.0.jar;C:\Users\Kevin\.m2\repository\org\opentest4j\opentest4j\1.2.0\opentest4j-1.2.0.jar;C:\Users\Kevin\.m2\repository\org\junit\platform\junit-platform-commons\1.7.2\junit-platform-commons-1.7.2.jar;C:\Users\Kevin\.m2\repository\org\junit\jupiter\junit-jupiter-params\5.7.2\junit-jupiter-params-5.7.2.jar;C:\Users\Kevin\.m2\repository\org\junit\jupiter\junit-jupiter-engine\5.7.2\junit-jupiter-engine-5.7.2.jar;C:\Users\Kevin\.m2\repository\org\junit\platform\junit-platform-engine\1.7.2\junit-platform-engine-1.7.2.jar;C:\Users\Kevin\.m2\repository\org\mockito\mockito-core\3.6.28\mockito-core-3.6.28.jar;C:\Users\Kevin\.m2\repository\net\bytebuddy\byte-buddy-agent\1.10.22\byte-buddy-agent-1.10.22.jar;C:\Users\Kevin\.m2\repository\org\objenesis\objenesis\3.1\objenesis-3.1.jar;C:\Users\Kevin\.m2\repository\org\mockito\mockito-junit-jupiter\3.6.28\mockito-junit-jupiter-3.6.28.jar;C:\Users\Kevin\.m2\repository\org\skyscreamer\jsonassert\1.5.0\jsonassert-1.5.0.jar;C:\Users\Kevin\.m2\repository\com\vaadin\external\google\android-json\0.0.20131108.vaadin1\android-json-0.0.20131108.vaadin1.jar;C:\Users\Kevin\.m2\repository\org\springframework\spring-core\5.3.8\spring-core-5.3.8.jar;C:\Users\Kevin\.m2\repository\org\springframework\spring-jcl\5.3.8\spring-jcl-5.3.8.jar;C:\Users\Kevin\.m2\repository\org\springframework\spring-test\5.3.8\spring-test-5.3.8.jar;C:\Users\Kevin\.m2\repository\org\xmlunit\xmlunit-core\2.7.0\xmlunit-core-2.7.0.jar;C:\Users\Kevin\.m2\repository\org\springdoc\springdoc-openapi-ui\1.5.10\springdoc-openapi-ui-1.5.10.jar;C:\Users\Kevin\.m2\repository\org\springdoc\springdoc-openapi-webmvc-core\1.5.10\springdoc-openapi-webmvc-core-1.5.10.jar;C:\Users\Kevin\.m2\repository\org\springdoc\springdoc-openapi-common\1.5.10\springdoc-openapi-common-1.5.10.jar;C:\Users\Kevin\.m2\repository\io\swagger\core\v3\swagger-models\2.1.10\swagger-models-2.1.10.jar;C:\Users\Kevin\.m2\repository\io\swagger\core\v3\swagger-annotations\2.1.10\swagger-annotations-2.1.10.jar;C:\Users\Kevin\.m2\repository\io\swagger\core\v3\swagger-integration\2.1.10\swagger-integration-2.1.10.jar;C:\Users\Kevin\.m2\repository\io\swagger\core\v3\swagger-core\2.1.10\swagger-core-2.1.10.jar;C:\Users\Kevin\.m2\repository\com\fasterxml\jackson\dataformat\jackson-dataformat-yaml\2.11.4\jackson-dataformat-yaml-2.11.4.jar;C:\Users\Kevin\.m2\repository\io\github\classgraph\classgraph\4.8.69\classgraph-4.8.69.jar;C:\Users\Kevin\.m2\repository\org\webjars\swagger-ui\3.51.1\swagger-ui-3.51.1.jar;C:\Users\Kevin\.m2\repository\org\webjars\webjars-locator-core\0.46\webjars-locator-core-0.46.jar;D:\aline\user-microservice\core\target\core-0.1.0.jar;C:\Users\Kevin\.m2\repository\org\springframework\boot\spring-boot-starter-validation\2.4.8\spring-boot-starter-validation-2.4.8.jar;C:\Users\Kevin\.m2\repository\org\hibernate\validator\hibernate-validator\6.1.7.Final\hibernate-validator-6.1.7.Final.jar;C:\Users\Kevin\.m2\repository\jakarta\validation\jakarta.validation-api\2.0.2\jakarta.validation-api-2.0.2.jar;C:\Users\Kevin\.m2\repository\javax\validation\validation-api\2.0.1.Final\validation-api-2.0.1.Final.jar;C:\Users\Kevin\.m2\repository\org\apache\commons\commons-lang3\3.11\commons-lang3-3.11.jar;C:\Users\Kevin\.m2\repository\com\amazonaws\aws-java-sdk-sesv2\1.11.792\aws-java-sdk-sesv2-1.11.792.jar;C:\Users\Kevin\.m2\repository\com\amazonaws\jmespath-java\1.11.792\jmespath-java-1.11.792.jar;C:\Users\Kevin\.m2\repository\com\amazonaws\aws-java-sdk-s3\1.11.792\aws-java-sdk-s3-1.11.792.jar;C:\Users\Kevin\.m2\repository\com\amazonaws\aws-java-sdk-kms\1.11.792\aws-java-sdk-kms-1.11.792.jar;C:\Users\Kevin\.m2\repository\com\amazonaws\aws-java-sdk-sns\1.11.792\aws-java-sdk-sns-1.11.792.jar;C:\Users\Kevin\.m2\repository\com\amazonaws\aws-java-sdk-sqs\1.11.792\aws-java-sdk-sqs-1.11.792.jar;C:\Users\Kevin\.m2\repository\com\amazonaws\aws-java-sdk-core\1.11.792\aws-java-sdk-core-1.11.792.jar;C:\Users\Kevin\.m2\repository\commons-logging\commons-logging\1.1.3\commons-logging-1.1.3.jar;C:\Users\Kevin\.m2\repository\software\amazon\ion\ion-java\1.0.2\ion-java-1.0.2.jar;C:\Users\Kevin\.m2\repository\com\fasterxml\jackson\dataformat\jackson-dataformat-cbor\2.11.4\jackson-dataformat-cbor-2.11.4.jar;C:\Users\Kevin\.m2\repository\joda-time\joda-time\2.8.1\joda-time-2.8.1.jar;C:\Users\Kevin\.m2\repository\io\jsonwebtoken\jjwt-api\0.11.2\jjwt-api-0.11.2.jar;C:\Users\Kevin\.m2\repository\io\jsonwebtoken\jjwt-impl\0.11.2\jjwt-impl-0.11.2.jar;C:\Users\Kevin\.m2\repository\io\jsonwebtoken\jjwt-jackson\0.11.2\jjwt-jackson-0.11.2.jar;C:\Users\Kevin\.m2\repository\org\springframework\boot\spring-boot-starter-security\2.4.8\spring-boot-starter-security-2.4.8.jar;C:\Users\Kevin\.m2\repository\org\springframework\security\spring-security-config\5.4.7\spring-security-config-5.4.7.jar;C:\Users\Kevin\.m2\repository\com\google\code\gson\gson\2.8.6\gson-2.8.6.jar;C:\Users\Kevin\.m2\repository\org\modelmapper\modelmapper\2.4.4\modelmapper-2.4.4.jar;C:\Users\Kevin\.m2\repository\org\springframework\security\spring-security-test\5.4.5\spring-security-test-5.4.5.jar;C:\Users\Kevin\.m2\repository\org\springframework\security\spring-security-core\5.4.7\spring-security-core-5.4.7.jar;C:\Users\Kevin\.m2\repository\org\springframework\security\spring-security-web\5.4.7\spring-security-web-5.4.7.jar;"/>
    <property name="java.vm.vendor" value="Oracle Corporation"/>
    <property name="sun.arch.data.model" value="64"/>
    <property name="user.variant" value=""/>
    <property name="java.vendor.url" value="https://java.oracle.com/"/>
    <property name="user.timezone" value="America/New_York"/>
    <property name="os.name" value="Windows 10"/>
    <property name="java.vm.specification.version" value="17"/>
    <property name="sun.java.launcher" value="SUN_STANDARD"/>
    <property name="user.country" value="US"/>
    <property name="sun.boot.library.path" value="C:\Program Files\Java\jdk-17.0.1\bin"/>
    <property name="sun.java.command" value="C:\Users\Kevin\AppData\Local\Temp\surefire10341142080147364257\surefirebooter17900496690149453759.jar C:\Users\Kevin\AppData\Local\Temp\surefire10341142080147364257 2022-01-03T14-18-30_248-jvmRun1 surefire7759479610492458106tmp surefire_04681514227250267754tmp"/>
    <property name="jdk.debug" value="release"/>
    <property name="surefire.test.class.path" value="D:\aline\user-microservice\user-microservice\target\test-classes;D:\aline\user-microservice\user-microservice\target\classes;C:\Users\Kevin\.m2\repository\org\springframework\boot\spring-boot-starter-actuator\2.4.8\spring-boot-starter-actuator-2.4.8.jar;C:\Users\Kevin\.m2\repository\org\springframework\boot\spring-boot-starter\2.4.8\spring-boot-starter-2.4.8.jar;C:\Users\Kevin\.m2\repository\org\springframework\boot\spring-boot-starter-logging\2.4.8\spring-boot-starter-logging-2.4.8.jar;C:\Users\Kevin\.m2\repository\ch\qos\logback\logback-classic\1.2.3\logback-classic-1.2.3.jar;C:\Users\Kevin\.m2\repository\ch\qos\logback\logback-core\1.2.3\logback-core-1.2.3.jar;C:\Users\Kevin\.m2\repository\org\apache\logging\log4j\log4j-to-slf4j\2.13.3\log4j-to-slf4j-2.13.3.jar;C:\Users\Kevin\.m2\repository\org\apache\logging\log4j\log4j-api\2.13.3\log4j-api-2.13.3.jar;C:\Users\Kevin\.m2\repository\org\slf4j\jul-to-slf4j\1.7.31\jul-to-slf4j-1.7.31.jar;C:\Users\Kevin\.m2\repository\jakarta\annotation\jakarta.annotation-api\1.3.5\jakarta.annotation-api-1.3.5.jar;C:\Users\Kevin\.m2\repository\org\yaml\snakeyaml\1.27\snakeyaml-1.27.jar;C:\Users\Kevin\.m2\repository\org\springframework\boot\spring-boot-actuator-autoconfigure\2.4.8\spring-boot-actuator-autoconfigure-2.4.8.jar;C:\Users\Kevin\.m2\repository\org\springframework\boot\spring-boot-actuator\2.4.8\spring-boot-actuator-2.4.8.jar;C:\Users\Kevin\.m2\repository\com\fasterxml\jackson\datatype\jackson-datatype-jsr310\2.11.4\jackson-datatype-jsr310-2.11.4.jar;C:\Users\Kevin\.m2\repository\io\micrometer\micrometer-core\1.6.8\micrometer-core-1.6.8.jar;C:\Users\Kevin\.m2\repository\org\hdrhistogram\HdrHistogram\2.1.12\HdrHistogram-2.1.12.jar;C:\Users\Kevin\.m2\repository\org\latencyutils\LatencyUtils\2.0.3\LatencyUtils-2.0.3.jar;C:\Users\Kevin\.m2\repository\org\springframework\boot\spring-boot-starter-data-jpa\2.4.8\spring-boot-starter-data-jpa-2.4.8.jar;C:\Users\Kevin\.m2\repository\org\springframework\boot\spring-boot-starter-aop\2.4.8\spring-boot-starter-aop-2.4.8.jar;C:\Users\Kevin\.m2\repository\org\springframework\spring-aop\5.3.8\spring-aop-5.3.8.jar;C:\Users\Kevin\.m2\repository\org\aspectj\aspectjweaver\1.9.6\aspectjweaver-1.9.6.jar;C:\Users\Kevin\.m2\repository\org\springframework\boot\spring-boot-starter-jdbc\2.4.8\spring-boot-starter-jdbc-2.4.8.jar;C:\Users\Kevin\.m2\repository\com\zaxxer\HikariCP\3.4.5\HikariCP-3.4.5.jar;C:\Users\Kevin\.m2\repository\org\springframework\spring-jdbc\5.3.8\spring-jdbc-5.3.8.jar;C:\Users\Kevin\.m2\repository\jakarta\transaction\jakarta.transaction-api\1.3.3\jakarta.transaction-api-1.3.3.jar;C:\Users\Kevin\.m2\repository\jakarta\persistence\jakarta.persistence-api\2.2.3\jakarta.persistence-api-2.2.3.jar;C:\Users\Kevin\.m2\repository\org\hibernate\hibernate-core\5.4.32.Final\hibernate-core-5.4.32.Final.jar;C:\Users\Kevin\.m2\repository\org\jboss\logging\jboss-logging\3.4.2.Final\jboss-logging-3.4.2.Final.jar;C:\Users\Kevin\.m2\repository\org\javassist\javassist\3.27.0-GA\javassist-3.27.0-GA.jar;C:\Users\Kevin\.m2\repository\net\bytebuddy\byte-buddy\1.10.22\byte-buddy-1.10.22.jar;C:\Users\Kevin\.m2\repository\antlr\antlr\2.7.7\antlr-2.7.7.jar;C:\Users\Kevin\.m2\repository\org\jboss\jandex\2.2.3.Final\jandex-2.2.3.Final.jar;C:\Users\Kevin\.m2\repository\com\fasterxml\classmate\1.5.1\classmate-1.5.1.jar;C:\Users\Kevin\.m2\repository\org\dom4j\dom4j\2.1.3\dom4j-2.1.3.jar;C:\Users\Kevin\.m2\repository\org\hibernate\common\hibernate-commons-annotations\5.1.2.Final\hibernate-commons-annotations-5.1.2.Final.jar;C:\Users\Kevin\.m2\repository\org\glassfish\jaxb\jaxb-runtime\2.3.4\jaxb-runtime-2.3.4.jar;C:\Users\Kevin\.m2\repository\org\glassfish\jaxb\txw2\2.3.4\txw2-2.3.4.jar;C:\Users\Kevin\.m2\repository\com\sun\istack\istack-commons-runtime\3.0.12\istack-commons-runtime-3.0.12.jar;C:\Users\Kevin\.m2\repository\com\sun\activation\jakarta.activation\1.2.2\jakarta.activation-1.2.2.jar;C:\Users\Kevin\.m2\repository\org\springframework\data\spring-data-jpa\2.4.10\spring-data-jpa-2.4.10.jar;C:\Users\Kevin\.m2\repository\org\springframework\data\spring-data-commons\2.4.10\spring-data-commons-2.4.10.jar;C:\Users\Kevin\.m2\repository\org\springframework\spring-orm\5.3.8\spring-orm-5.3.8.jar;C:\Users\Kevin\.m2\repository\org\springframework\spring-context\5.3.8\spring-context-5.3.8.jar;C:\Users\Kevin\.m2\repository\org\springframework\spring-tx\5.3.8\spring-tx-5.3.8.jar;C:\Users\Kevin\.m2\repository\org\springframework\spring-beans\5.3.8\spring-beans-5.3.8.jar;C:\Users\Kevin\.m2\repository\org\slf4j\slf4j-api\1.7.31\slf4j-api-1.7.31.jar;C:\Users\Kevin\.m2\repository\org\springframework\spring-aspects\5.3.8\spring-aspects-5.3.8.jar;C:\Users\Kevin\.m2\repository\org\springframework\boot\spring-boot-starter-web\2.4.8\spring-boot-starter-web-2.4.8.jar;C:\Users\Kevin\.m2\repository\org\springframework\boot\spring-boot-starter-json\2.4.8\spring-boot-starter-json-2.4.8.jar;C:\Users\Kevin\.m2\repository\com\fasterxml\jackson\datatype\jackson-datatype-jdk8\2.11.4\jackson-datatype-jdk8-2.11.4.jar;C:\Users\Kevin\.m2\repository\com\fasterxml\jackson\module\jackson-module-parameter-names\2.11.4\jackson-module-parameter-names-2.11.4.jar;C:\Users\Kevin\.m2\repository\org\springframework\boot\spring-boot-starter-tomcat\2.4.8\spring-boot-starter-tomcat-2.4.8.jar;C:\Users\Kevin\.m2\repository\org\apache\tomcat\embed\tomcat-embed-core\9.0.48\tomcat-embed-core-9.0.48.jar;C:\Users\Kevin\.m2\repository\org\glassfish\jakarta.el\3.0.3\jakarta.el-3.0.3.jar;C:\Users\Kevin\.m2\repository\org\apache\tomcat\embed\tomcat-embed-websocket\9.0.48\tomcat-embed-websocket-9.0.48.jar;C:\Users\Kevin\.m2\repository\org\springframework\spring-web\5.3.8\spring-web-5.3.8.jar;C:\Users\Kevin\.m2\repository\org\springframework\spring-webmvc\5.3.8\spring-webmvc-5.3.8.jar;C:\Users\Kevin\.m2\repository\org\springframework\spring-expression\5.3.8\spring-expression-5.3.8.jar;C:\Users\Kevin\.m2\repository\org\springframework\cloud\spring-cloud-starter-config\3.0.0\spring-cloud-starter-config-3.0.0.jar;C:\Users\Kevin\.m2\repository\org\springframework\cloud\spring-cloud-starter\3.0.0\spring-cloud-starter-3.0.0.jar;C:\Users\Kevin\.m2\repository\org\springframework\cloud\spring-cloud-context\3.0.0\spring-cloud-context-3.0.0.jar;C:\Users\Kevin\.m2\repository\org\springframework\security\spring-security-crypto\5.4.7\spring-security-crypto-5.4.7.jar;C:\Users\Kevin\.m2\repository\org\springframework\cloud\spring-cloud-commons\3.0.0\spring-cloud-commons-3.0.0.jar;C:\Users\Kevin\.m2\repository\org\springframework\security\spring-security-rsa\1.0.9.RELEASE\spring-security-rsa-1.0.9.RELEASE.jar;C:\Users\Kevin\.m2\repository\org\bouncycastle\bcpkix-jdk15on\1.64\bcpkix-jdk15on-1.64.jar;C:\Users\Kevin\.m2\repository\org\bouncycastle\bcprov-jdk15on\1.64\bcprov-jdk15on-1.64.jar;C:\Users\Kevin\.m2\repository\org\springframework\cloud\spring-cloud-config-client\3.0.0\spring-cloud-config-client-3.0.0.jar;C:\Users\Kevin\.m2\repository\com\fasterxml\jackson\core\jackson-annotations\2.11.4\jackson-annotations-2.11.4.jar;C:\Users\Kevin\.m2\repository\org\apache\httpcomponents\httpclient\4.5.13\httpclient-4.5.13.jar;C:\Users\Kevin\.m2\repository\org\apache\httpcomponents\httpcore\4.4.14\httpcore-4.4.14.jar;C:\Users\Kevin\.m2\repository\commons-codec\commons-codec\1.15\commons-codec-1.15.jar;C:\Users\Kevin\.m2\repository\com\fasterxml\jackson\core\jackson-databind\2.11.4\jackson-databind-2.11.4.jar;C:\Users\Kevin\.m2\repository\com\fasterxml\jackson\core\jackson-core\2.11.4\jackson-core-2.11.4.jar;C:\Users\Kevin\.m2\repository\org\springframework\boot\spring-boot-devtools\2.4.8\spring-boot-devtools-2.4.8.jar;C:\Users\Kevin\.m2\repository\org\springframework\boot\spring-boot\2.4.8\spring-boot-2.4.8.jar;C:\Users\Kevin\.m2\repository\org\springframework\boot\spring-boot-autoconfigure\2.4.8\spring-boot-autoconfigure-2.4.8.jar;C:\Users\Kevin\.m2\repository\com\h2database\h2\1.4.200\h2-1.4.200.jar;C:\Users\Kevin\.m2\repository\mysql\mysql-connector-java\8.0.25\mysql-connector-java-8.0.25.jar;C:\Users\Kevin\.m2\repository\org\projectlombok\lombok\1.18.20\lombok-1.18.20.jar;C:\Users\Kevin\.m2\repository\org\springframework\boot\spring-boot-starter-test\2.4.8\spring-boot-starter-test-2.4.8.jar;C:\Users\Kevin\.m2\repository\org\springframework\boot\spring-boot-test\2.4.8\spring-boot-test-2.4.8.jar;C:\Users\Kevin\.m2\repository\org\springframework\boot\spring-boot-test-autoconfigure\2.4.8\spring-boot-test-autoconfigure-2.4.8.jar;C:\Users\Kevin\.m2\repository\com\jayway\jsonpath\json-path\2.4.0\json-path-2.4.0.jar;C:\Users\Kevin\.m2\repository\net\minidev\json-smart\2.3.1\json-smart-2.3.1.jar;C:\Users\Kevin\.m2\repository\net\minidev\accessors-smart\2.3.1\accessors-smart-2.3.1.jar;C:\Users\Kevin\.m2\repository\org\ow2\asm\asm\5.0.4\asm-5.0.4.jar;C:\Users\Kevin\.m2\repository\jakarta\xml\bind\jakarta.xml.bind-api\2.3.3\jakarta.xml.bind-api-2.3.3.jar;C:\Users\Kevin\.m2\repository\jakarta\activation\jakarta.activation-api\1.2.2\jakarta.activation-api-1.2.2.jar;C:\Users\Kevin\.m2\repository\org\assertj\assertj-core\3.18.1\assertj-core-3.18.1.jar;C:\Users\Kevin\.m2\repository\org\hamcrest\hamcrest\2.2\hamcrest-2.2.jar;C:\Users\Kevin\.m2\repository\org\junit\jupiter\junit-jupiter\5.7.2\junit-jupiter-5.7.2.jar;C:\Users\Kevin\.m2\repository\org\junit\jupiter\junit-jupiter-api\5.7.2\junit-jupiter-api-5.7.2.jar;C:\Users\Kevin\.m2\repository\org\apiguardian\apiguardian-api\1.1.0\apiguardian-api-1.1.0.jar;C:\Users\Kevin\.m2\repository\org\opentest4j\opentest4j\1.2.0\opentest4j-1.2.0.jar;C:\Users\Kevin\.m2\repository\org\junit\platform\junit-platform-commons\1.7.2\junit-platform-commons-1.7.2.jar;C:\Users\Kevin\.m2\repository\org\junit\jupiter\junit-jupiter-params\5.7.2\junit-jupiter-params-5.7.2.jar;C:\Users\Kevin\.m2\repository\org\junit\jupiter\junit-jupiter-engine\5.7.2\junit-jupiter-engine-5.7.2.jar;C:\Users\Kevin\.m2\repository\org\junit\platform\junit-platform-engine\1.7.2\junit-platform-engine-1.7.2.jar;C:\Users\Kevin\.m2\repository\org\mockito\mockito-core\3.6.28\mockito-core-3.6.28.jar;C:\Users\Kevin\.m2\repository\net\bytebuddy\byte-buddy-agent\1.10.22\byte-buddy-agent-1.10.22.jar;C:\Users\Kevin\.m2\repository\org\objenesis\objenesis\3.1\objenesis-3.1.jar;C:\Users\Kevin\.m2\repository\org\mockito\mockito-junit-jupiter\3.6.28\mockito-junit-jupiter-3.6.28.jar;C:\Users\Kevin\.m2\repository\org\skyscreamer\jsonassert\1.5.0\jsonassert-1.5.0.jar;C:\Users\Kevin\.m2\repository\com\vaadin\external\google\android-json\0.0.20131108.vaadin1\android-json-0.0.20131108.vaadin1.jar;C:\Users\Kevin\.m2\repository\org\springframework\spring-core\5.3.8\spring-core-5.3.8.jar;C:\Users\Kevin\.m2\repository\org\springframework\spring-jcl\5.3.8\spring-jcl-5.3.8.jar;C:\Users\Kevin\.m2\repository\org\springframework\spring-test\5.3.8\spring-test-5.3.8.jar;C:\Users\Kevin\.m2\repository\org\xmlunit\xmlunit-core\2.7.0\xmlunit-core-2.7.0.jar;C:\Users\Kevin\.m2\repository\org\springdoc\springdoc-openapi-ui\1.5.10\springdoc-openapi-ui-1.5.10.jar;C:\Users\Kevin\.m2\repository\org\springdoc\springdoc-openapi-webmvc-core\1.5.10\springdoc-openapi-webmvc-core-1.5.10.jar;C:\Users\Kevin\.m2\repository\org\springdoc\springdoc-openapi-common\1.5.10\springdoc-openapi-common-1.5.10.jar;C:\Users\Kevin\.m2\repository\io\swagger\core\v3\swagger-models\2.1.10\swagger-models-2.1.10.jar;C:\Users\Kevin\.m2\repository\io\swagger\core\v3\swagger-annotations\2.1.10\swagger-annotations-2.1.10.jar;C:\Users\Kevin\.m2\repository\io\swagger\core\v3\swagger-integration\2.1.10\swagger-integration-2.1.10.jar;C:\Users\Kevin\.m2\repository\io\swagger\core\v3\swagger-core\2.1.10\swagger-core-2.1.10.jar;C:\Users\Kevin\.m2\repository\com\fasterxml\jackson\dataformat\jackson-dataformat-yaml\2.11.4\jackson-dataformat-yaml-2.11.4.jar;C:\Users\Kevin\.m2\repository\io\github\classgraph\classgraph\4.8.69\classgraph-4.8.69.jar;C:\Users\Kevin\.m2\repository\org\webjars\swagger-ui\3.51.1\swagger-ui-3.51.1.jar;C:\Users\Kevin\.m2\repository\org\webjars\webjars-locator-core\0.46\webjars-locator-core-0.46.jar;D:\aline\user-microservice\core\target\core-0.1.0.jar;C:\Users\Kevin\.m2\repository\org\springframework\boot\spring-boot-starter-validation\2.4.8\spring-boot-starter-validation-2.4.8.jar;C:\Users\Kevin\.m2\repository\org\hibernate\validator\hibernate-validator\6.1.7.Final\hibernate-validator-6.1.7.Final.jar;C:\Users\Kevin\.m2\repository\jakarta\validation\jakarta.validation-api\2.0.2\jakarta.validation-api-2.0.2.jar;C:\Users\Kevin\.m2\repository\javax\validation\validation-api\2.0.1.Final\validation-api-2.0.1.Final.jar;C:\Users\Kevin\.m2\repository\org\apache\commons\commons-lang3\3.11\commons-lang3-3.11.jar;C:\Users\Kevin\.m2\repository\com\amazonaws\aws-java-sdk-sesv2\1.11.792\aws-java-sdk-sesv2-1.11.792.jar;C:\Users\Kevin\.m2\repository\com\amazonaws\jmespath-java\1.11.792\jmespath-java-1.11.792.jar;C:\Users\Kevin\.m2\repository\com\amazonaws\aws-java-sdk-s3\1.11.792\aws-java-sdk-s3-1.11.792.jar;C:\Users\Kevin\.m2\repository\com\amazonaws\aws-java-sdk-kms\1.11.792\aws-java-sdk-kms-1.11.792.jar;C:\Users\Kevin\.m2\repository\com\amazonaws\aws-java-sdk-sns\1.11.792\aws-java-sdk-sns-1.11.792.jar;C:\Users\Kevin\.m2\repository\com\amazonaws\aws-java-sdk-sqs\1.11.792\aws-java-sdk-sqs-1.11.792.jar;C:\Users\Kevin\.m2\repository\com\amazonaws\aws-java-sdk-core\1.11.792\aws-java-sdk-core-1.11.792.jar;C:\Users\Kevin\.m2\repository\commons-logging\commons-logging\1.1.3\commons-logging-1.1.3.jar;C:\Users\Kevin\.m2\repository\software\amazon\ion\ion-java\1.0.2\ion-java-1.0.2.jar;C:\Users\Kevin\.m2\repository\com\fasterxml\jackson\dataformat\jackson-dataformat-cbor\2.11.4\jackson-dataformat-cbor-2.11.4.jar;C:\Users\Kevin\.m2\repository\joda-time\joda-time\2.8.1\joda-time-2.8.1.jar;C:\Users\Kevin\.m2\repository\io\jsonwebtoken\jjwt-api\0.11.2\jjwt-api-0.11.2.jar;C:\Users\Kevin\.m2\repository\io\jsonwebtoken\jjwt-impl\0.11.2\jjwt-impl-0.11.2.jar;C:\Users\Kevin\.m2\repository\io\jsonwebtoken\jjwt-jackson\0.11.2\jjwt-jackson-0.11.2.jar;C:\Users\Kevin\.m2\repository\org\springframework\boot\spring-boot-starter-security\2.4.8\spring-boot-starter-security-2.4.8.jar;C:\Users\Kevin\.m2\repository\org\springframework\security\spring-security-config\5.4.7\spring-security-config-5.4.7.jar;C:\Users\Kevin\.m2\repository\com\google\code\gson\gson\2.8.6\gson-2.8.6.jar;C:\Users\Kevin\.m2\repository\org\modelmapper\modelmapper\2.4.4\modelmapper-2.4.4.jar;C:\Users\Kevin\.m2\repository\org\springframework\security\spring-security-test\5.4.5\spring-security-test-5.4.5.jar;C:\Users\Kevin\.m2\repository\org\springframework\security\spring-security-core\5.4.7\spring-security-core-5.4.7.jar;C:\Users\Kevin\.m2\repository\org\springframework\security\spring-security-web\5.4.7\spring-security-web-5.4.7.jar;"/>
    <property name="sun.cpu.endian" value="little"/>
    <property name="user.home" value="C:\Users\Kevin"/>
    <property name="user.language" value="en"/>
    <property name="java.specification.vendor" value="Oracle Corporation"/>
    <property name="java.version.date" value="2021-10-19"/>
    <property name="java.home" value="C:\Program Files\Java\jdk-17.0.1"/>
    <property name="file.separator" value="\"/>
    <property name="basedir" value="D:\aline\user-microservice\user-microservice"/>
    <property name="java.vm.compressedOopsMode" value="Zero based"/>
    <property name="line.separator" value="&#10;"/>
    <property name="java.vm.specification.vendor" value="Oracle Corporation"/>
    <property name="java.specification.name" value="Java Platform API Specification"/>
    <property name="surefire.real.class.path" value="C:\Users\Kevin\AppData\Local\Temp\surefire10341142080147364257\surefirebooter17900496690149453759.jar"/>
    <property name="user.script" value=""/>
    <property name="sun.management.compiler" value="HotSpot 64-Bit Tiered Compilers"/>
    <property name="java.runtime.version" value="17.0.1+12-LTS-39"/>
    <property name="user.name" value="Kevin"/>
    <property name="path.separator" value=";"/>
    <property name="os.version" value="10.0"/>
    <property name="java.runtime.name" value="Java(TM) SE Runtime Environment"/>
    <property name="file.encoding" value="Cp1252"/>
    <property name="java.vm.name" value="Java HotSpot(TM) 64-Bit Server VM"/>
    <property name="localRepository" value="C:\Users\Kevin\.m2\repository"/>
    <property name="java.vendor.url.bug" value="https://bugreport.java.com/bugreport/"/>
    <property name="java.io.tmpdir" value="C:\Users\Kevin\AppData\Local\Temp\"/>
    <property name="java.version" value="17.0.1"/>
    <property name="user.dir" value="D:\aline\user-microservice\user-microservice"/>
    <property name="os.arch" value="amd64"/>
    <property name="java.vm.specification.name" value="Java Virtual Machine Specification"/>
    <property name="sun.os.patch.level" value=""/>
    <property name="native.encoding" value="Cp1252"/>
    <property name="java.library.path" value="C:\Program Files\Java\jdk-17.0.1\bin;C:\WINDOWS\Sun\Java\bin;C:\WINDOWS\system32;C:\WINDOWS;C:\Users\Kevin\AppData\Roaming\Python\Python37\Scripts;D:\kube;D:\apache-maven-3.8.4\bin;C:\Program Files (x86)\Microsoft Visual Studio\Shared\Python37_64\;C:\Program Files\Common Files\Oracle\Java\javapath;C:\Program Files (x86)\Common Files\Oracle\Java\javapath;C:\Program Files (x86)\Razer Chroma SDK\bin;C:\Program Files\Razer Chroma SDK\bin;C:\Program Files (x86)\Razer\ChromaBroadcast\bin;C:\Program Files\Razer\ChromaBroadcast\bin;C:\Program Files (x86)\Intel\iCLS Client\;C:\Program Files\Intel\iCLS Client\;C:\Windows\system32;C:\Windows;C:\Windows\System32\Wbem;C:\Windows\System32\WindowsPowerShell\v1.0\;C:\Program Files (x86)\Intel\Intel(R) Management Engine Components\DAL;C:\Program Files\Intel\Intel(R) Management Engine Components\DAL;C:\Program Files (x86)\Intel\Intel(R) Management Engine Components\IPT;C:\Program Files\Intel\Intel(R) Management Engine Components\IPT;C:\Program Files (x86)\NVIDIA Corporation\PhysX\Common;C:\WINDOWS\system32;C:\WINDOWS;C:\WINDOWS\System32\Wbem;C:\WINDOWS\System32\WindowsPowerShell\v1.0\;C:\WINDOWS\System32\OpenSSH\;C:\WINDOWS\system32\config\systemprofile\AppData\Local\Microsoft\WindowsApps;C:\Program Files\dotnet\;C:\WINDOWS\system32;C:\WINDOWS;C:\WINDOWS\System32\Wbem;C:\WINDOWS\System32\WindowsPowerShell\v1.0\;C:\WINDOWS\System32\OpenSSH\;C:\Program Files\PuTTY\;C:\Program Files\Git\cmd;C:\Program Files (x86)\Microsoft Visual Studio\Shared\Python37_64;C:\Program Files\Docker\Docker\resources\bin;C:\ProgramData\DockerDesktop\version-bin;D:\kube\Minikube;C:\Python34\Scripts;C:\Program Files\nodejs\;C:\WINDOWS\system32\config\system;C:\Users\Kevin\AppData\Roaming\npm;."/>
    <property name="java.vm.info" value="mixed mode, sharing"/>
    <property name="java.vendor" value="Oracle Corporation"/>
    <property name="java.vm.version" value="17.0.1+12-LTS-39"/>
    <property name="sun.io.unicode.encoding" value="UnicodeLittle"/>
    <property name="java.class.version" value="61.0"/>
  </properties>
  <testcase name="test_getUserById_status_isNotFound_when_userDoesNotExist" classname="com.aline.usermicroservice.UserIntegrationTest" time="0.029"/>
  <testcase name="test_getUserById_status_isOk_when_user_exists" classname="com.aline.usermicroservice.UserIntegrationTest" time="0.108"/>
  <testcase name="test_statusIsNotFound_when_userDoesNotExist" classname="com.aline.usermicroservice.UserIntegrationTest$UserProfileTests" time="0.011"/>
  <testcase name="test_statusIsOk_when_userExists_and_memberExists" classname="com.aline.usermicroservice.UserIntegrationTest$UserProfileTests" time="0.081"/>
  <testcase name="test_statusIsNoContent_when_profileExists_and_requestToChangeUsernameIsValid" classname="com.aline.usermicroservice.UserIntegrationTest$UserProfileTests$UpdateUserProfileTests" time="0.105"/>
  <testcase name="test_statusIsNoContent_when_profileExists_and_requestToChangeMailingAddressIsValid" classname="com.aline.usermicroservice.UserIntegrationTest$UserProfileTests$UpdateUserProfileTests" time="0.079"/>
  <testcase name="test_statusIsNoContent_when_profileExists_and_requestToChangeEmailIsValid" classname="com.aline.usermicroservice.UserIntegrationTest$UserProfileTests$UpdateUserProfileTests" time="0.079"/>
  <testcase name="test_statusIsNoContent_when_profileExists_and_requestToChangeLastNameIsValid" classname="com.aline.usermicroservice.UserIntegrationTest$UserProfileTests$UpdateUserProfileTests" time="0.081"/>
  <testcase name="test_statusIsNoContent_when_profileExists_and_requestToChangeAddressIsValid" classname="com.aline.usermicroservice.UserIntegrationTest$UserProfileTests$UpdateUserProfileTests" time="0.081"/>
  <testcase name="status_isNotFound_when_user_does_not_exists" classname="com.aline.usermicroservice.UserIntegrationTest$PasswordResetTest" time="0.098"/>
  <testcase name="status_isOk_when_OTP_is_correct" classname="com.aline.usermicroservice.UserIntegrationTest$PasswordResetTest" time="0.404"/>
  <testcase name="status_isForbidden_when_OTP_is_notCorrect" classname="com.aline.usermicroservice.UserIntegrationTest$PasswordResetTest" time="0.322"/>
  <testcase name="status_isForbidden_when_OTP_is_notCorrect_in_checkPhase" classname="com.aline.usermicroservice.UserIntegrationTest$PasswordResetTest" time="0.198"/>
  <testcase name="test_confirmUserRegistration_enables_user_when_token_is_valid_and_user_exists" classname="com.aline.usermicroservice.UserIntegrationTest$UserRegistrationConfirmation" time="0.084">
    <failure message="expected: not &lt;null&gt;" type="org.opentest4j.AssertionFailedError"><![CDATA[org.opentest4j.AssertionFailedError: expected: not <null>
	at com.aline.usermicroservice.UserIntegrationTest$UserRegistrationConfirmation.test_confirmUserRegistration_enables_user_when_token_is_valid_and_user_exists(UserIntegrationTest.java:346)
]]></failure>
    <system-out><![CDATA[2022-01-03 14:19:03.631  INFO 23268 --- [           main] .b.t.c.SpringBootTestContextBootstrapper : Neither @ContextConfiguration nor @ContextHierarchy found for test class [com.aline.usermicroservice.UserIntegrationTest$UserRegistrationConfirmation], using SpringBootContextLoader
2022-01-03 14:19:03.632  INFO 23268 --- [           main] o.s.t.c.support.AbstractContextLoader    : Could not detect default resource locations for test class [com.aline.usermicroservice.UserIntegrationTest$UserRegistrationConfirmation]: no resource found for suffixes {-context.xml, Context.groovy}.
2022-01-03 14:19:03.632  INFO 23268 --- [           main] t.c.s.AnnotationConfigContextLoaderUtils : Could not detect default configuration classes for test class [com.aline.usermicroservice.UserIntegrationTest$UserRegistrationConfirmation]: UserRegistrationConfirmation does not declare any static, non-private, non-final, nested classes annotated with @Configuration.
2022-01-03 14:19:03.633  INFO 23268 --- [           main] .b.t.c.SpringBootTestContextBootstrapper : Found @SpringBootConfiguration com.aline.usermicroservice.UserMicroserviceApplication for test class com.aline.usermicroservice.UserIntegrationTest$UserRegistrationConfirmation
2022-01-03 14:19:03.634  INFO 23268 --- [           main] .b.t.c.SpringBootTestContextBootstrapper : Loaded default TestExecutionListener class names from location [META-INF/spring.factories]: [org.springframework.boot.test.mock.mockito.MockitoTestExecutionListener, org.springframework.boot.test.mock.mockito.ResetMocksTestExecutionListener, org.springframework.boot.test.autoconfigure.restdocs.RestDocsTestExecutionListener, org.springframework.boot.test.autoconfigure.web.client.MockRestServiceServerResetTestExecutionListener, org.springframework.boot.test.autoconfigure.web.servlet.MockMvcPrintOnlyOnFailureTestExecutionListener, org.springframework.boot.test.autoconfigure.web.servlet.WebDriverTestExecutionListener, org.springframework.boot.test.autoconfigure.webservices.client.MockWebServiceServerTestExecutionListener, org.springframework.test.context.web.ServletTestExecutionListener, org.springframework.test.context.support.DirtiesContextBeforeModesTestExecutionListener, org.springframework.test.context.event.ApplicationEventsTestExecutionListener, org.springframework.test.context.support.DependencyInjectionTestExecutionListener, org.springframework.test.context.support.DirtiesContextTestExecutionListener, org.springframework.test.context.transaction.TransactionalTestExecutionListener, org.springframework.test.context.jdbc.SqlScriptsTestExecutionListener, org.springframework.test.context.event.EventPublishingTestExecutionListener, org.springframework.security.test.context.support.WithSecurityContextTestExecutionListener, org.springframework.security.test.context.support.ReactorContextTestExecutionListener]
2022-01-03 14:19:03.634  INFO 23268 --- [           main] .b.t.c.SpringBootTestContextBootstrapper : Using TestExecutionListeners: [org.springframework.test.context.web.ServletTestExecutionListener@4cca13b8, org.springframework.test.context.support.DirtiesContextBeforeModesTestExecutionListener@679f3c39, org.springframework.test.context.event.ApplicationEventsTestExecutionListener@2e6a3387, org.springframework.boot.test.mock.mockito.MockitoTestExecutionListener@18724a5a, org.springframework.boot.test.autoconfigure.SpringBootDependencyInjectionTestExecutionListener@4b9cd3f, org.springframework.test.context.support.DirtiesContextTestExecutionListener@1a595765, org.springframework.test.context.transaction.TransactionalTestExecutionListener@6550a9a2, org.springframework.test.context.jdbc.SqlScriptsTestExecutionListener@6ffa0fc8, org.springframework.test.context.event.EventPublishingTestExecutionListener@2560e73d, org.springframework.security.test.context.support.WithSecurityContextTestExecutionListener@75527e8b, org.springframework.security.test.context.support.ReactorContextTestExecutionListener@152fc43a, org.springframework.boot.test.mock.mockito.ResetMocksTestExecutionListener@2a141d18, org.springframework.boot.test.autoconfigure.restdocs.RestDocsTestExecutionListener@86f4e68, org.springframework.boot.test.autoconfigure.web.client.MockRestServiceServerResetTestExecutionListener@6eafcfc8, org.springframework.boot.test.autoconfigure.web.servlet.MockMvcPrintOnlyOnFailureTestExecutionListener@54ad833, org.springframework.boot.test.autoconfigure.web.servlet.WebDriverTestExecutionListener@f3ce95f, org.springframework.boot.test.autoconfigure.webservices.client.MockWebServiceServerTestExecutionListener@7d52fade]
2022-01-03 14:19:03.637  INFO 23268 --- [           main] o.s.t.c.transaction.TransactionContext   : Began transaction (1) for test context [DefaultTestContext@6d93ab33 testClass = UserIntegrationTest.UserRegistrationConfirmation, testInstance = com.aline.usermicroservice.UserIntegrationTest$UserRegistrationConfirmation@3ecb6df2, testMethod = test_confirmUserRegistration_enables_user_when_token_is_valid_and_user_exists@UserIntegrationTest.UserRegistrationConfirmation, testException = [null], mergedContextConfiguration = [WebMergedContextConfiguration@56551d65 testClass = UserIntegrationTest.UserRegistrationConfirmation, locations = '{}', classes = '{class com.aline.usermicroservice.UserMicroserviceApplication}', contextInitializerClasses = '[]', activeProfiles = '{test}', propertySourceLocations = '{}', propertySourceProperties = '{app.security.disable-web-security=true, org.springframework.boot.test.context.SpringBootTestContextBootstrapper=true}', contextCustomizers = set[[ImportsContextCustomizer@3c3b997b key = [org.springframework.boot.test.autoconfigure.web.servlet.MockMvcAutoConfiguration, org.springframework.boot.test.autoconfigure.web.servlet.MockMvcWebClientAutoConfiguration, org.springframework.boot.test.autoconfigure.web.servlet.MockMvcWebDriverAutoConfiguration, org.springframework.boot.autoconfigure.security.oauth2.client.servlet.OAuth2ClientAutoConfiguration, org.springframework.boot.autoconfigure.security.oauth2.resource.servlet.OAuth2ResourceServerAutoConfiguration, org.springframework.boot.autoconfigure.security.servlet.SecurityAutoConfiguration, org.springframework.boot.autoconfigure.security.servlet.SecurityFilterAutoConfiguration, org.springframework.boot.autoconfigure.security.servlet.UserDetailsServiceAutoConfiguration, org.springframework.boot.test.autoconfigure.web.servlet.MockMvcSecurityConfiguration]], org.springframework.boot.test.context.filter.ExcludeFilterContextCustomizer@6f6a7463, org.springframework.boot.test.json.DuplicateJsonObjectContextCustomizerFactory$DuplicateJsonObjectContextCustomizer@50d68830, org.springframework.boot.test.mock.mockito.MockitoContextCustomizer@657f373d, org.springframework.boot.test.web.client.TestRestTemplateContextCustomizer@c20be82, org.springframework.boot.test.autoconfigure.actuate.metrics.MetricsExportContextCustomizerFactory$DisableMetricExportContextCustomizer@11963225, org.springframework.boot.test.autoconfigure.properties.PropertyMappingContextCustomizer@4b3fa0b3, org.springframework.boot.test.autoconfigure.web.servlet.WebDriverContextCustomizerFactory$Customizer@6548bb7d, org.springframework.boot.test.context.SpringBootTestArgs@1, org.springframework.boot.test.context.SpringBootTestWebEnvironment@68c72235], resourceBasePath = 'src/main/webapp', contextLoader = 'org.springframework.boot.test.context.SpringBootContextLoader', parent = [null]], attributes = map['org.springframework.test.context.web.ServletTestExecutionListener.activateListener' -> true, 'org.springframework.test.context.web.ServletTestExecutionListener.populatedRequestContextHolder' -> true, 'org.springframework.test.context.web.ServletTestExecutionListener.resetRequestContextHolder' -> true, 'org.springframework.test.context.event.ApplicationEventsTestExecutionListener.recordApplicationEvents' -> false]]; transaction manager [org.springframework.orm.jpa.JpaTransactionManager@7e23a66b]; rollback [true]
Hibernate: select memberuser0_.id as col_0_0_ from user memberuser0_ where memberuser0_.role='member' and memberuser0_.username=? limit ?
Hibernate: select member0_.id as id1_7_, member0_.applicant_id as applican3_7_, member0_.branch_id as branch_i4_7_, member0_.membership_id as membersh2_7_ from member member0_ where member0_.membership_id=?
Hibernate: select applicant0_.id as id1_2_0_, applicant0_.address as address2_2_0_, applicant0_.city as city3_2_0_, applicant0_.created_at as created_4_2_0_, applicant0_.date_of_birth as date_of_5_2_0_, applicant0_.drivers_license as drivers_6_2_0_, applicant0_.email as email7_2_0_, applicant0_.first_name as first_na8_2_0_, applicant0_.gender as gender9_2_0_, applicant0_.income as income10_2_0_, applicant0_.last_modified_at as last_mo11_2_0_, applicant0_.last_name as last_na12_2_0_, applicant0_.mailing_address as mailing13_2_0_, applicant0_.mailing_city as mailing14_2_0_, applicant0_.mailing_state as mailing15_2_0_, applicant0_.mailing_zipcode as mailing16_2_0_, applicant0_.middle_name as middle_17_2_0_, applicant0_.phone as phone18_2_0_, applicant0_.social_security as social_19_2_0_, applicant0_.state as state20_2_0_, applicant0_.zipcode as zipcode21_2_0_ from applicant applicant0_ where applicant0_.id=?
Hibernate: select branch0_.id as id1_6_0_, branch0_.address as address2_6_0_, branch0_.bank_id as bank_id8_6_0_, branch0_.city as city3_6_0_, branch0_.name as name4_6_0_, branch0_.phone as phone5_6_0_, branch0_.state as state6_6_0_, branch0_.zipcode as zipcode7_6_0_, bank1_.id as id1_5_1_, bank1_.address as address2_5_1_, bank1_.city as city3_5_1_, bank1_.routing_number as routing_4_5_1_, bank1_.state as state5_5_1_, bank1_.zipcode as zipcode6_5_1_ from branch branch0_ left outer join bank bank1_ on branch0_.bank_id=bank1_.id where branch0_.id=?
Hibernate: select case when count(memberuser0_.id)>0 then 1 else 0 end as col_0_0_ from user memberuser0_ inner join member member1_ on (memberuser0_.member_id=member1_.id) where memberuser0_.role='member' and member1_.membership_id=?
Hibernate: insert into user (id, enabled, password, username, member_id, role) values (null, ?, ?, ?, ?, 'member')
2022-01-03 14:19:03.706  INFO 23268 --- [           main] Users Integration Test                   : User ID: 12
Hibernate: select userregist0_.token as token1_11_, userregist0_.created as created2_11_, userregist0_.expiration_delay as expirati3_11_, userregist0_.user_id as user_id4_11_ from user_registration_token userregist0_ inner join user user1_ on userregist0_.user_id=user1_.id where user1_.id=?

MockHttpServletRequest:
      HTTP Method = POST
      Request URI = /users/registration
       Parameters = {}
          Headers = [Content-Type:"application/json;charset=UTF-8", Content-Length:"144"]
             Body = {
  "role" : "member",
  "username" : "testboy",
  "password" : "P@ssword123",
  "membershipId" : "12345678",
  "lastFourOfSSN" : "2222"
}
    Session Attrs = {}

Handler:
             Type = com.aline.usermicroservice.controller.UserController
           Method = com.aline.usermicroservice.controller.UserController#registerUser(UserRegistration)

Async:
    Async started = false
     Async result = null

Resolved Exception:
             Type = null

ModelAndView:
        View name = null
             View = null
            Model = null

FlashMap:
       Attributes = null

MockHttpServletResponse:
           Status = 201
    Error message = null
          Headers = [Location:"http://localhost:8170/users/12", Content-Type:"application/json"]
     Content type = application/json
             Body = {
  "id" : 12,
  "firstName" : "John",
  "lastName" : "Smith",
  "username" : "testboy",
  "email" : "johnsmith@email.com",
  "role" : "MEMBER",
  "enabled" : false
}
    Forwarded URL = null
   Redirected URL = http://localhost:8170/users/12
          Cookies = []
2022-01-03 14:19:03.714  INFO 23268 --- [           main] o.s.t.c.transaction.TransactionContext   : Rolled back transaction for test: [DefaultTestContext@6d93ab33 testClass = UserIntegrationTest.UserRegistrationConfirmation, testInstance = com.aline.usermicroservice.UserIntegrationTest$UserRegistrationConfirmation@3ecb6df2, testMethod = test_confirmUserRegistration_enables_user_when_token_is_valid_and_user_exists@UserIntegrationTest.UserRegistrationConfirmation, testException = org.opentest4j.AssertionFailedError: expected: not <null>, mergedContextConfiguration = [WebMergedContextConfiguration@56551d65 testClass = UserIntegrationTest.UserRegistrationConfirmation, locations = '{}', classes = '{class com.aline.usermicroservice.UserMicroserviceApplication}', contextInitializerClasses = '[]', activeProfiles = '{test}', propertySourceLocations = '{}', propertySourceProperties = '{app.security.disable-web-security=true, org.springframework.boot.test.context.SpringBootTestContextBootstrapper=true}', contextCustomizers = set[[ImportsContextCustomizer@3c3b997b key = [org.springframework.boot.test.autoconfigure.web.servlet.MockMvcAutoConfiguration, org.springframework.boot.test.autoconfigure.web.servlet.MockMvcWebClientAutoConfiguration, org.springframework.boot.test.autoconfigure.web.servlet.MockMvcWebDriverAutoConfiguration, org.springframework.boot.autoconfigure.security.oauth2.client.servlet.OAuth2ClientAutoConfiguration, org.springframework.boot.autoconfigure.security.oauth2.resource.servlet.OAuth2ResourceServerAutoConfiguration, org.springframework.boot.autoconfigure.security.servlet.SecurityAutoConfiguration, org.springframework.boot.autoconfigure.security.servlet.SecurityFilterAutoConfiguration, org.springframework.boot.autoconfigure.security.servlet.UserDetailsServiceAutoConfiguration, org.springframework.boot.test.autoconfigure.web.servlet.MockMvcSecurityConfiguration]], org.springframework.boot.test.context.filter.ExcludeFilterContextCustomizer@6f6a7463, org.springframework.boot.test.json.DuplicateJsonObjectContextCustomizerFactory$DuplicateJsonObjectContextCustomizer@50d68830, org.springframework.boot.test.mock.mockito.MockitoContextCustomizer@657f373d, org.springframework.boot.test.web.client.TestRestTemplateContextCustomizer@c20be82, org.springframework.boot.test.autoconfigure.actuate.metrics.MetricsExportContextCustomizerFactory$DisableMetricExportContextCustomizer@11963225, org.springframework.boot.test.autoconfigure.properties.PropertyMappingContextCustomizer@4b3fa0b3, org.springframework.boot.test.autoconfigure.web.servlet.WebDriverContextCustomizerFactory$Customizer@6548bb7d, org.springframework.boot.test.context.SpringBootTestArgs@1, org.springframework.boot.test.context.SpringBootTestWebEnvironment@68c72235], resourceBasePath = 'src/main/webapp', contextLoader = 'org.springframework.boot.test.context.SpringBootContextLoader', parent = [null]], attributes = map['org.springframework.test.context.web.ServletTestExecutionListener.activateListener' -> true, 'org.springframework.test.context.web.ServletTestExecutionListener.populatedRequestContextHolder' -> true, 'org.springframework.test.context.web.ServletTestExecutionListener.resetRequestContextHolder' -> true, 'org.springframework.test.context.event.ApplicationEventsTestExecutionListener.recordApplicationEvents' -> false]]
]]></system-out>
  </testcase>
  <testcase name="test_registerUser_creates_a_userRegistrationToken" classname="com.aline.usermicroservice.UserIntegrationTest$UserRegistrationConfirmation" time="0.073">
    <failure message="expected: not &lt;null&gt;" type="org.opentest4j.AssertionFailedError"><![CDATA[org.opentest4j.AssertionFailedError: expected: not <null>
	at com.aline.usermicroservice.UserIntegrationTest$UserRegistrationConfirmation.test_registerUser_creates_a_userRegistrationToken(UserIntegrationTest.java:334)
]]></failure>
    <system-out><![CDATA[2022-01-03 14:19:03.721  INFO 23268 --- [           main] o.s.t.c.transaction.TransactionContext   : Began transaction (1) for test context [DefaultTestContext@6d93ab33 testClass = UserIntegrationTest.UserRegistrationConfirmation, testInstance = com.aline.usermicroservice.UserIntegrationTest$UserRegistrationConfirmation@6a3dcb15, testMethod = test_registerUser_creates_a_userRegistrationToken@UserIntegrationTest.UserRegistrationConfirmation, testException = [null], mergedContextConfiguration = [WebMergedContextConfiguration@56551d65 testClass = UserIntegrationTest.UserRegistrationConfirmation, locations = '{}', classes = '{class com.aline.usermicroservice.UserMicroserviceApplication}', contextInitializerClasses = '[]', activeProfiles = '{test}', propertySourceLocations = '{}', propertySourceProperties = '{app.security.disable-web-security=true, org.springframework.boot.test.context.SpringBootTestContextBootstrapper=true}', contextCustomizers = set[[ImportsContextCustomizer@3c3b997b key = [org.springframework.boot.test.autoconfigure.web.servlet.MockMvcAutoConfiguration, org.springframework.boot.test.autoconfigure.web.servlet.MockMvcWebClientAutoConfiguration, org.springframework.boot.test.autoconfigure.web.servlet.MockMvcWebDriverAutoConfiguration, org.springframework.boot.autoconfigure.security.oauth2.client.servlet.OAuth2ClientAutoConfiguration, org.springframework.boot.autoconfigure.security.oauth2.resource.servlet.OAuth2ResourceServerAutoConfiguration, org.springframework.boot.autoconfigure.security.servlet.SecurityAutoConfiguration, org.springframework.boot.autoconfigure.security.servlet.SecurityFilterAutoConfiguration, org.springframework.boot.autoconfigure.security.servlet.UserDetailsServiceAutoConfiguration, org.springframework.boot.test.autoconfigure.web.servlet.MockMvcSecurityConfiguration]], org.springframework.boot.test.context.filter.ExcludeFilterContextCustomizer@6f6a7463, org.springframework.boot.test.json.DuplicateJsonObjectContextCustomizerFactory$DuplicateJsonObjectContextCustomizer@50d68830, org.springframework.boot.test.mock.mockito.MockitoContextCustomizer@657f373d, org.springframework.boot.test.web.client.TestRestTemplateContextCustomizer@c20be82, org.springframework.boot.test.autoconfigure.actuate.metrics.MetricsExportContextCustomizerFactory$DisableMetricExportContextCustomizer@11963225, org.springframework.boot.test.autoconfigure.properties.PropertyMappingContextCustomizer@4b3fa0b3, org.springframework.boot.test.autoconfigure.web.servlet.WebDriverContextCustomizerFactory$Customizer@6548bb7d, org.springframework.boot.test.context.SpringBootTestArgs@1, org.springframework.boot.test.context.SpringBootTestWebEnvironment@68c72235], resourceBasePath = 'src/main/webapp', contextLoader = 'org.springframework.boot.test.context.SpringBootContextLoader', parent = [null]], attributes = map['org.springframework.test.context.web.ServletTestExecutionListener.activateListener' -> true, 'org.springframework.test.context.web.ServletTestExecutionListener.populatedRequestContextHolder' -> true, 'org.springframework.test.context.web.ServletTestExecutionListener.resetRequestContextHolder' -> true, 'org.springframework.test.context.event.ApplicationEventsTestExecutionListener.recordApplicationEvents' -> false]]; transaction manager [org.springframework.orm.jpa.JpaTransactionManager@7e23a66b]; rollback [true]
Hibernate: select memberuser0_.id as col_0_0_ from user memberuser0_ where memberuser0_.role='member' and memberuser0_.username=? limit ?
Hibernate: select member0_.id as id1_7_, member0_.applicant_id as applican3_7_, member0_.branch_id as branch_i4_7_, member0_.membership_id as membersh2_7_ from member member0_ where member0_.membership_id=?
Hibernate: select applicant0_.id as id1_2_0_, applicant0_.address as address2_2_0_, applicant0_.city as city3_2_0_, applicant0_.created_at as created_4_2_0_, applicant0_.date_of_birth as date_of_5_2_0_, applicant0_.drivers_license as drivers_6_2_0_, applicant0_.email as email7_2_0_, applicant0_.first_name as first_na8_2_0_, applicant0_.gender as gender9_2_0_, applicant0_.income as income10_2_0_, applicant0_.last_modified_at as last_mo11_2_0_, applicant0_.last_name as last_na12_2_0_, applicant0_.mailing_address as mailing13_2_0_, applicant0_.mailing_city as mailing14_2_0_, applicant0_.mailing_state as mailing15_2_0_, applicant0_.mailing_zipcode as mailing16_2_0_, applicant0_.middle_name as middle_17_2_0_, applicant0_.phone as phone18_2_0_, applicant0_.social_security as social_19_2_0_, applicant0_.state as state20_2_0_, applicant0_.zipcode as zipcode21_2_0_ from applicant applicant0_ where applicant0_.id=?
Hibernate: select branch0_.id as id1_6_0_, branch0_.address as address2_6_0_, branch0_.bank_id as bank_id8_6_0_, branch0_.city as city3_6_0_, branch0_.name as name4_6_0_, branch0_.phone as phone5_6_0_, branch0_.state as state6_6_0_, branch0_.zipcode as zipcode7_6_0_, bank1_.id as id1_5_1_, bank1_.address as address2_5_1_, bank1_.city as city3_5_1_, bank1_.routing_number as routing_4_5_1_, bank1_.state as state5_5_1_, bank1_.zipcode as zipcode6_5_1_ from branch branch0_ left outer join bank bank1_ on branch0_.bank_id=bank1_.id where branch0_.id=?
Hibernate: select case when count(memberuser0_.id)>0 then 1 else 0 end as col_0_0_ from user memberuser0_ inner join member member1_ on (memberuser0_.member_id=member1_.id) where memberuser0_.role='member' and member1_.membership_id=?
Hibernate: insert into user (id, enabled, password, username, member_id, role) values (null, ?, ?, ?, ?, 'member')
2022-01-03 14:19:03.789  INFO 23268 --- [           main] Users Integration Test                   : User ID: 13
Hibernate: select userregist0_.token as token1_11_, userregist0_.created as created2_11_, userregist0_.expiration_delay as expirati3_11_, userregist0_.user_id as user_id4_11_ from user_registration_token userregist0_ inner join user user1_ on userregist0_.user_id=user1_.id where user1_.id=?

MockHttpServletRequest:
      HTTP Method = POST
      Request URI = /users/registration
       Parameters = {}
          Headers = [Content-Type:"application/json;charset=UTF-8", Content-Length:"144"]
             Body = {
  "role" : "member",
  "username" : "testboy",
  "password" : "P@ssword123",
  "membershipId" : "12345678",
  "lastFourOfSSN" : "2222"
}
    Session Attrs = {}

Handler:
             Type = com.aline.usermicroservice.controller.UserController
           Method = com.aline.usermicroservice.controller.UserController#registerUser(UserRegistration)

Async:
    Async started = false
     Async result = null

Resolved Exception:
             Type = null

ModelAndView:
        View name = null
             View = null
            Model = null

FlashMap:
       Attributes = null

MockHttpServletResponse:
           Status = 201
    Error message = null
          Headers = [Location:"http://localhost:8170/users/13", Content-Type:"application/json"]
     Content type = application/json
             Body = {
  "id" : 13,
  "firstName" : "John",
  "lastName" : "Smith",
  "username" : "testboy",
  "email" : "johnsmith@email.com",
  "role" : "MEMBER",
  "enabled" : false
}
    Forwarded URL = null
   Redirected URL = http://localhost:8170/users/13
          Cookies = []
2022-01-03 14:19:03.793  INFO 23268 --- [           main] o.s.t.c.transaction.TransactionContext   : Rolled back transaction for test: [DefaultTestContext@6d93ab33 testClass = UserIntegrationTest.UserRegistrationConfirmation, testInstance = com.aline.usermicroservice.UserIntegrationTest$UserRegistrationConfirmation@6a3dcb15, testMethod = test_registerUser_creates_a_userRegistrationToken@UserIntegrationTest.UserRegistrationConfirmation, testException = org.opentest4j.AssertionFailedError: expected: not <null>, mergedContextConfiguration = [WebMergedContextConfiguration@56551d65 testClass = UserIntegrationTest.UserRegistrationConfirmation, locations = '{}', classes = '{class com.aline.usermicroservice.UserMicroserviceApplication}', contextInitializerClasses = '[]', activeProfiles = '{test}', propertySourceLocations = '{}', propertySourceProperties = '{app.security.disable-web-security=true, org.springframework.boot.test.context.SpringBootTestContextBootstrapper=true}', contextCustomizers = set[[ImportsContextCustomizer@3c3b997b key = [org.springframework.boot.test.autoconfigure.web.servlet.MockMvcAutoConfiguration, org.springframework.boot.test.autoconfigure.web.servlet.MockMvcWebClientAutoConfiguration, org.springframework.boot.test.autoconfigure.web.servlet.MockMvcWebDriverAutoConfiguration, org.springframework.boot.autoconfigure.security.oauth2.client.servlet.OAuth2ClientAutoConfiguration, org.springframework.boot.autoconfigure.security.oauth2.resource.servlet.OAuth2ResourceServerAutoConfiguration, org.springframework.boot.autoconfigure.security.servlet.SecurityAutoConfiguration, org.springframework.boot.autoconfigure.security.servlet.SecurityFilterAutoConfiguration, org.springframework.boot.autoconfigure.security.servlet.UserDetailsServiceAutoConfiguration, org.springframework.boot.test.autoconfigure.web.servlet.MockMvcSecurityConfiguration]], org.springframework.boot.test.context.filter.ExcludeFilterContextCustomizer@6f6a7463, org.springframework.boot.test.json.DuplicateJsonObjectContextCustomizerFactory$DuplicateJsonObjectContextCustomizer@50d68830, org.springframework.boot.test.mock.mockito.MockitoContextCustomizer@657f373d, org.springframework.boot.test.web.client.TestRestTemplateContextCustomizer@c20be82, org.springframework.boot.test.autoconfigure.actuate.metrics.MetricsExportContextCustomizerFactory$DisableMetricExportContextCustomizer@11963225, org.springframework.boot.test.autoconfigure.properties.PropertyMappingContextCustomizer@4b3fa0b3, org.springframework.boot.test.autoconfigure.web.servlet.WebDriverContextCustomizerFactory$Customizer@6548bb7d, org.springframework.boot.test.context.SpringBootTestArgs@1, org.springframework.boot.test.context.SpringBootTestWebEnvironment@68c72235], resourceBasePath = 'src/main/webapp', contextLoader = 'org.springframework.boot.test.context.SpringBootContextLoader', parent = [null]], attributes = map['org.springframework.test.context.web.ServletTestExecutionListener.activateListener' -> true, 'org.springframework.test.context.web.ServletTestExecutionListener.populatedRequestContextHolder' -> true, 'org.springframework.test.context.web.ServletTestExecutionListener.resetRequestContextHolder' -> true, 'org.springframework.test.context.event.ApplicationEventsTestExecutionListener.recordApplicationEvents' -> false]]
]]></system-out>
  </testcase>
  <testcase name="test_registerUser_status_isCreated_and_location_is_in_header_when_register_adminUser" classname="com.aline.usermicroservice.UserIntegrationTest$UserRegistrationTest" time="0.083"/>
  <testcase name="test_registerUser_status_is_conflict_when_memberUserAlreadyExists_for_membershipId" classname="com.aline.usermicroservice.UserIntegrationTest$UserRegistrationTest" time="0.078"/>
  <testcase name="test_registerUser_status_is_notFound_when_membershipId_doesNotExist" classname="com.aline.usermicroservice.UserIntegrationTest$UserRegistrationTest" time="0.009"/>
  <testcase name="test_registrationIsValid" classname="com.aline.usermicroservice.UserIntegrationTest$UserRegistrationTest" time="0.071"/>
  <testcase name="test_registerUser_status_is_notFound_when_ssn_doesNotMatch" classname="com.aline.usermicroservice.UserIntegrationTest$UserRegistrationTest" time="0.012"/>
  <testcase name="test_registerUser_status_isCreated_and_location_is_in_header_when_register_memberUser" classname="com.aline.usermicroservice.UserIntegrationTest$UserRegistrationTest" time="0.07"/>
  <testcase name="usernameIsBlank" classname="com.aline.usermicroservice.UserIntegrationTest$UserRegistrationTest$RegistrationIsInvalid" time="0.014"/>
  <testcase name="passwordContainsNoSpecialCharacters" classname="com.aline.usermicroservice.UserIntegrationTest$UserRegistrationTest$RegistrationIsInvalid" time="0.012"/>
  <testcase name="passwordContainsNoCapitalLetters" classname="com.aline.usermicroservice.UserIntegrationTest$UserRegistrationTest$RegistrationIsInvalid" time="0.007"/>
  <testcase name="usernameTooShort" classname="com.aline.usermicroservice.UserIntegrationTest$UserRegistrationTest$RegistrationIsInvalid" time="0.008"/>
  <testcase name="passwordIsNull" classname="com.aline.usermicroservice.UserIntegrationTest$UserRegistrationTest$RegistrationIsInvalid" time="0.009"/>
  <testcase name="usernameTooLong" classname="com.aline.usermicroservice.UserIntegrationTest$UserRegistrationTest$RegistrationIsInvalid" time="0.01"/>
  <testcase name="passwordContainsNoNumbers" classname="com.aline.usermicroservice.UserIntegrationTest$UserRegistrationTest$RegistrationIsInvalid" time="0.01"/>
  <testcase name="passwordContainsNoLowercaseLetters" classname="com.aline.usermicroservice.UserIntegrationTest$UserRegistrationTest$RegistrationIsInvalid" time="0.007"/>
  <testcase name="passwordIsBlank" classname="com.aline.usermicroservice.UserIntegrationTest$UserRegistrationTest$RegistrationIsInvalid" time="0.009"/>
  <testcase name="usernameIncludesInvalidCharacters" classname="com.aline.usermicroservice.UserIntegrationTest$UserRegistrationTest$RegistrationIsInvalid" time="0.008"/>
  <testcase name="usernameStartsWithNumber" classname="com.aline.usermicroservice.UserIntegrationTest$UserRegistrationTest$RegistrationIsInvalid" time="0.009"/>
  <testcase name="passwordIsTooShort" classname="com.aline.usermicroservice.UserIntegrationTest$UserRegistrationTest$RegistrationIsInvalid" time="0.01"/>
  <testcase name="passwordContainsOnlyNumbers" classname="com.aline.usermicroservice.UserIntegrationTest$UserRegistrationTest$RegistrationIsInvalid" time="0.008"/>
  <testcase name="usernameStartsWithSpecialCharacter" classname="com.aline.usermicroservice.UserIntegrationTest$UserRegistrationTest$RegistrationIsInvalid" time="0.009"/>
  <testcase name="usernameIsNull" classname="com.aline.usermicroservice.UserIntegrationTest$UserRegistrationTest$RegistrationIsInvalid" time="0.011"/>
</testsuite>